# JRE version: Java(TM) SE Runtime Environment (7.0_55-b13) (build 1.7.0_55-b13)
# Java VM: Java HotSpot(TM) 64-Bit Server VM (24.55-b03 mixed mode bsd-amd64 compressed oops)
Heap
 PSYoungGen      total 178688K, used 178205K [0x00000007eaa80000, 0x00000007f7680000, 0x0000000800000000)
  eden space 164864K, 100% used [0x00000007eaa80000,0x00000007f4b80000,0x00000007f4b80000)
  from space 13824K, 96% used [0x00000007f5200000,0x00000007f5f077f0,0x00000007f5f80000)
  to   space 22016K, 9% used [0x00000007f6100000,0x00000007f631f7a8,0x00000007f7680000)
 ParOldGen       total 144896K, used 125516K [0x00000007c0000000, 0x00000007c8d80000, 0x00000007eaa80000)
  object space 144896K, 86% used [0x00000007c0000000,0x00000007c7a932f0,0x00000007c8d80000)
 PSPermGen       total 101376K, used 58385K [0x00000007b0000000, 0x00000007b6300000, 0x00000007c0000000)
  object space 101376K, 57% used [0x00000007b0000000,0x00000007b3904768,0x00000007b6300000)
GC Heap History (10 events):
Event: 3552.714 GC heap after
Heap after GC invocations=33 (full 5):
 PSYoungGen      total 208896K, used 3917K [0x00000007eaa80000, 0x00000007f8d80000, 0x0000000800000000)
  eden space 186368K, 0% used [0x00000007eaa80000,0x00000007eaa80000,0x00000007f6080000)
  from space 22528K, 17% used [0x00000007f7780000,0x00000007f7b53730,0x00000007f8d80000)
  to   space 23040K, 0% used [0x00000007f6080000,0x00000007f6080000,0x00000007f7700000)
 ParOldGen       total 144896K, used 104054K [0x00000007c0000000, 0x00000007c8d80000, 0x00000007eaa80000)
  object space 144896K, 71% used [0x00000007c0000000,0x00000007c659d810,0x00000007c8d80000)
 PSPermGen       total 104960K, used 57676K [0x00000007b0000000, 0x00000007b6680000, 0x00000007c0000000)
  object space 104960K, 54% used [0x00000007b0000000,0x00000007b38530e0,0x00000007b6680000)
}
Event: 3552.714 GC heap before
{Heap before GC invocations=34 (full 6):
 PSYoungGen      total 208896K, used 3917K [0x00000007eaa80000, 0x00000007f8d80000, 0x0000000800000000)
  eden space 186368K, 0% used [0x00000007eaa80000,0x00000007eaa80000,0x00000007f6080000)
  from space 22528K, 17% used [0x00000007f7780000,0x00000007f7b53730,0x00000007f8d80000)
  to   space 23040K, 0% used [0x00000007f6080000,0x00000007f6080000,0x00000007f7700000)
 ParOldGen       total 144896K, used 104054K [0x00000007c0000000, 0x00000007c8d80000, 0x00000007eaa80000)
  object space 144896K, 71% used [0x00000007c0000000,0x00000007c659d810,0x00000007c8d80000)
 PSPermGen       total 104960K, used 57676K [0x00000007b0000000, 0x00000007b6680000, 0x00000007c0000000)
  object space 104960K, 54% used [0x00000007b0000000,0x00000007b38530e0,0x00000007b6680000)
Event: 3553.645 GC heap after
Heap after GC invocations=34 (full 6):
 PSYoungGen      total 208896K, used 0K [0x00000007eaa80000, 0x00000007f8d80000, 0x0000000800000000)
  eden space 186368K, 0% used [0x00000007eaa80000,0x00000007eaa80000,0x00000007f6080000)
  from space 22528K, 0% used [0x00000007f7780000,0x00000007f7780000,0x00000007f8d80000)
  to   space 23040K, 0% used [0x00000007f6080000,0x00000007f6080000,0x00000007f7700000)
 ParOldGen       total 144896K, used 101908K [0x00000007c0000000, 0x00000007c8d80000, 0x00000007eaa80000)
  object space 144896K, 70% used [0x00000007c0000000,0x00000007c63853e0,0x00000007c8d80000)
 PSPermGen       total 101376K, used 57447K [0x00000007b0000000, 0x00000007b6300000, 0x00000007c0000000)
  object space 101376K, 56% used [0x00000007b0000000,0x00000007b3819ed8,0x00000007b6300000)
}
Event: 3620.153 GC heap before
{Heap before GC invocations=35 (full 6):
 PSYoungGen      total 208896K, used 186368K [0x00000007eaa80000, 0x00000007f8d80000, 0x0000000800000000)
  eden space 186368K, 100% used [0x00000007eaa80000,0x00000007f6080000,0x00000007f6080000)
  from space 22528K, 0% used [0x00000007f7780000,0x00000007f7780000,0x00000007f8d80000)
  to   space 23040K, 0% used [0x00000007f6080000,0x00000007f6080000,0x00000007f7700000)
 ParOldGen       total 144896K, used 101908K [0x00000007c0000000, 0x00000007c8d80000, 0x00000007eaa80000)
  object space 144896K, 70% used [0x00000007c0000000,0x00000007c63853e0,0x00000007c8d80000)
 PSPermGen       total 101376K, used 57640K [0x00000007b0000000, 0x00000007b6300000, 0x00000007c0000000)
  object space 101376K, 56% used [0x00000007b0000000,0x00000007b384a3e8,0x00000007b6300000)
Event: 3620.163 GC heap after
Heap after GC invocations=35 (full 6):
 PSYoungGen      total 188416K, used 9458K [0x00000007eaa80000, 0x00000007f8400000, 0x0000000800000000)
  eden space 178688K, 0% used [0x00000007eaa80000,0x00000007eaa80000,0x00000007f5900000)
  from space 9728K, 97% used [0x00000007f6080000,0x00000007f69bcb40,0x00000007f6a00000)
  to   space 22016K, 0% used [0x00000007f6e80000,0x00000007f6e80000,0x00000007f8400000)
 ParOldGen       total 144896K, used 101908K [0x00000007c0000000, 0x00000007c8d80000, 0x00000007eaa80000)
  object space 144896K, 70% used [0x00000007c0000000,0x00000007c63853e0,0x00000007c8d80000)
 PSPermGen       total 101376K, used 57640K [0x00000007b0000000, 0x00000007b6300000, 0x00000007c0000000)
  object space 101376K, 56% used [0x00000007b0000000,0x00000007b384a3e8,0x00000007b6300000)
}
Event: 3621.355 GC heap before
{Heap before GC invocations=36 (full 6):
 PSYoungGen      total 188416K, used 188146K [0x00000007eaa80000, 0x00000007f8400000, 0x0000000800000000)
  eden space 178688K, 100% used [0x00000007eaa80000,0x00000007f5900000,0x00000007f5900000)
  from space 9728K, 97% used [0x00000007f6080000,0x00000007f69bcb40,0x00000007f6a00000)
  to   space 22016K, 0% used [0x00000007f6e80000,0x00000007f6e80000,0x00000007f8400000)
 ParOldGen       total 144896K, used 101908K [0x00000007c0000000, 0x00000007c8d80000, 0x00000007eaa80000)
  object space 144896K, 70% used [0x00000007c0000000,0x00000007c63853e0,0x00000007c8d80000)
 PSPermGen       total 101376K, used 57806K [0x00000007b0000000, 0x00000007b6300000, 0x00000007c0000000)
  object space 101376K, 57% used [0x00000007b0000000,0x00000007b3873888,0x00000007b6300000)
Event: 3621.362 GC heap after
Heap after GC invocations=36 (full 6):
 PSYoungGen      total 185344K, used 3297K [0x00000007eaa80000, 0x00000007f7c00000, 0x0000000800000000)
  eden space 171520K, 0% used [0x00000007eaa80000,0x00000007eaa80000,0x00000007f5200000)
  from space 13824K, 23% used [0x00000007f6e80000,0x00000007f71b8460,0x00000007f7c00000)
  to   space 21504K, 0% used [0x00000007f5200000,0x00000007f5200000,0x00000007f6700000)
 ParOldGen       total 144896K, used 110374K [0x00000007c0000000, 0x00000007c8d80000, 0x00000007eaa80000)
  object space 144896K, 76% used [0x00000007c0000000,0x00000007c6bc9938,0x00000007c8d80000)
 PSPermGen       total 101376K, used 57806K [0x00000007b0000000, 0x00000007b6300000, 0x00000007c0000000)
  object space 101376K, 57% used [0x00000007b0000000,0x00000007b3873888,0x00000007b6300000)
}
Event: 4154.339 GC heap before
{Heap before GC invocations=37 (full 6):
 PSYoungGen      total 185344K, used 174817K [0x00000007eaa80000, 0x00000007f7c00000, 0x0000000800000000)
  eden space 171520K, 100% used [0x00000007eaa80000,0x00000007f5200000,0x00000007f5200000)
  from space 13824K, 23% used [0x00000007f6e80000,0x00000007f71b8460,0x00000007f7c00000)
  to   space 21504K, 0% used [0x00000007f5200000,0x00000007f5200000,0x00000007f6700000)
 ParOldGen       total 144896K, used 110374K [0x00000007c0000000, 0x00000007c8d80000, 0x00000007eaa80000)
  object space 144896K, 76% used [0x00000007c0000000,0x00000007c6bc9938,0x00000007c8d80000)
 PSPermGen       total 101376K, used 58155K [0x00000007b0000000, 0x00000007b6300000, 0x00000007c0000000)
  object space 101376K, 57% used [0x00000007b0000000,0x00000007b38cae80,0x00000007b6300000)
Event: 4154.688 GC heap after
Heap after GC invocations=37 (full 6):
 PSYoungGen      total 178688K, used 13341K [0x00000007eaa80000, 0x00000007f7680000, 0x0000000800000000)
  eden space 164864K, 0% used [0x00000007eaa80000,0x00000007eaa80000,0x00000007f4b80000)
  from space 13824K, 96% used [0x00000007f5200000,0x00000007f5f077f0,0x00000007f5f80000)
  to   space 22016K, 0% used [0x00000007f6100000,0x00000007f6100000,0x00000007f7680000)
 ParOldGen       total 144896K, used 113362K [0x00000007c0000000, 0x00000007c8d80000, 0x00000007eaa80000)
  object space 144896K, 78% used [0x00000007c0000000,0x00000007c6eb4aa0,0x00000007c8d80000)
 PSPermGen       total 101376K, used 58155K [0x00000007b0000000, 0x00000007b6300000, 0x00000007c0000000)
  object space 101376K, 57% used [0x00000007b0000000,0x00000007b38cae80,0x00000007b6300000)
}
Event: 4156.935 GC heap before
{Heap before GC invocations=38 (full 6):
 PSYoungGen      total 178688K, used 178205K [0x00000007eaa80000, 0x00000007f7680000, 0x0000000800000000)
  eden space 164864K, 100% used [0x00000007eaa80000,0x00000007f4b80000,0x00000007f4b80000)
  from space 13824K, 96% used [0x00000007f5200000,0x00000007f5f077f0,0x00000007f5f80000)
  to   space 22016K, 0% used [0x00000007f6100000,0x00000007f6100000,0x00000007f7680000)
 ParOldGen       total 144896K, used 113362K [0x00000007c0000000, 0x00000007c8d80000, 0x00000007eaa80000)
  object space 144896K, 78% used [0x00000007c0000000,0x00000007c6eb4aa0,0x00000007c8d80000)
 PSPermGen       total 101376K, used 58385K [0x00000007b0000000, 0x00000007b6300000, 0x00000007c0000000)
  object space 101376K, 57% used [0x00000007b0000000,0x00000007b3904768,0x00000007b6300000)

